17:22:13 debug: 2024/10/29下午5:22:13
17:22:13 debug: Project: /Users/mac/Desktop/222/testProject
17:22:13 debug: Targets: editor,preview
17:22:13 debug: Incremental file seems great.
17:22:13 debug: Engine path: /Applications/Cocos/Creator/3.8.2/CocosCreator.app/Contents/Resources/resources/3d/engine
17:22:13 debug: Initializing target [Editor]
17:22:13 debug: Loading cache
17:22:13 debug: Loading cache costs 1.082040786743164ms.
17:22:13 debug: Engine features shipped in editor: base,gfx-webgl,gfx-webgl2,gfx-empty,3d,animation,skeletal-animation,2d,ui,particle,particle-2d,physics-framework,physics-2d-framework,physics-2d-box2d-wasm,intersection-2d,primitive,profiler,occlusion-query,geometry-renderer,debug-renderer,audio,video,xr,light-probe,terrain,webview,tween,tiled-map,spine,dragon-bones,marionette,procedural-animation,custom-pipeline,websocket,websocket-server
17:22:13 debug: Our import map(foo:/bar): {
  "imports": {
    "cc": "cce:/internal/x/cc"
  }
}
17:22:13 debug: Initializing target [Preview]
17:22:13 debug: Loading cache
17:22:13 debug: Loading cache costs 0.7354578971862793ms.
17:22:13 debug: Our import map(foo:/bar): {
  "imports": {
    "cc": "cce:/internal/x/cc"
  }
}
17:22:13 debug: Sync engine features: 2d,animation,audio,base,dragon-bones,gfx-webgl,gfx-webgl2,intersection-2d,particle-2d,physics-2d-box2d,profiler,spine,tiled-map,tween,ui,video,webview
17:22:13 debug: Reset databases. Enumerated domains: [
  {
    "root": "db://internal/",
    "physical": "/Applications/Cocos/Creator/3.8.2/CocosCreator.app/Contents/Resources/resources/3d/engine/editor/assets"
  },
  {
    "root": "db://assets/",
    "physical": "/Users/mac/Desktop/222/testProject/assets"
  }
]
17:22:13 debug: Our import map(foo:/bar): {
  "imports": {
    "cc": "cce:/internal/x/cc",
    "db://internal/": "file:///Applications/Cocos/Creator/3.8.2/CocosCreator.app/Contents/Resources/resources/3d/engine/editor/assets/",
    "db://assets/": "file:///Users/mac/Desktop/222/testProject/assets/"
  }
}
17:22:13 debug: Our import map(foo:/bar): {
  "imports": {
    "cc": "cce:/internal/x/cc",
    "db://internal/": "file:///Applications/Cocos/Creator/3.8.2/CocosCreator.app/Contents/Resources/resources/3d/engine/editor/assets/",
    "db://assets/": "file:///Users/mac/Desktop/222/testProject/assets/"
  }
}
17:22:13 debug: Pulling asset-db.
17:22:13 debug: Fetch asset-db cost: 6.59975004196167ms.
17:22:13 debug: Build iteration starts.
Number of accumulated asset changes: 3
Feature changed: false
17:22:13 debug: Target(editor) build started.
17:22:13 debug: Detected change: cce:/internal/x/cc. Last mtime: Thu Jan 01 1970 08:00:05 GMT+0800 (中国标准时间), Current mtime: Thu Jan 01 1970 08:00:05 GMT+0800 (中国标准时间)
17:22:13 debug: Inspect cce:/internal/x/cc
17:22:13 debug: Resolve cce:/internal/x/cc-fu/base from cce:/internal/x/cc as external dependency cce:/internal/x/cc-fu/base.
17:22:13 debug: Resolve cce:/internal/x/cc-fu/gfx-webgl from cce:/internal/x/cc as external dependency cce:/internal/x/cc-fu/gfx-webgl.
17:22:13 debug: Resolve cce:/internal/x/cc-fu/gfx-webgl2 from cce:/internal/x/cc as external dependency cce:/internal/x/cc-fu/gfx-webgl2.
17:22:13 debug: Resolve cce:/internal/x/cc-fu/gfx-empty from cce:/internal/x/cc as external dependency cce:/internal/x/cc-fu/gfx-empty.
17:22:13 debug: Resolve cce:/internal/x/cc-fu/3d from cce:/internal/x/cc as external dependency cce:/internal/x/cc-fu/3d.
17:22:13 debug: Resolve cce:/internal/x/cc-fu/animation from cce:/internal/x/cc as external dependency cce:/internal/x/cc-fu/animation.
17:22:13 debug: Resolve cce:/internal/x/cc-fu/skeletal-animation from cce:/internal/x/cc as external dependency cce:/internal/x/cc-fu/skeletal-animation.
17:22:13 debug: Resolve cce:/internal/x/cc-fu/2d from cce:/internal/x/cc as external dependency cce:/internal/x/cc-fu/2d.
17:22:13 debug: Resolve cce:/internal/x/cc-fu/sorting from cce:/internal/x/cc as external dependency cce:/internal/x/cc-fu/sorting.
17:22:13 debug: Resolve cce:/internal/x/cc-fu/ui from cce:/internal/x/cc as external dependency cce:/internal/x/cc-fu/ui.
17:22:13 debug: Resolve cce:/internal/x/cc-fu/particle from cce:/internal/x/cc as external dependency cce:/internal/x/cc-fu/particle.
17:22:13 debug: Resolve cce:/internal/x/cc-fu/particle-2d from cce:/internal/x/cc as external dependency cce:/internal/x/cc-fu/particle-2d.
17:22:13 debug: Resolve cce:/internal/x/cc-fu/physics-framework from cce:/internal/x/cc as external dependency cce:/internal/x/cc-fu/physics-framework.
17:22:13 debug: Resolve cce:/internal/x/cc-fu/physics-2d-framework from cce:/internal/x/cc as external dependency cce:/internal/x/cc-fu/physics-2d-framework.
17:22:13 debug: Resolve cce:/internal/x/cc-fu/physics-2d-box2d-wasm from cce:/internal/x/cc as external dependency cce:/internal/x/cc-fu/physics-2d-box2d-wasm.
17:22:13 debug: Resolve cce:/internal/x/cc-fu/intersection-2d from cce:/internal/x/cc as external dependency cce:/internal/x/cc-fu/intersection-2d.
17:22:13 debug: Resolve cce:/internal/x/cc-fu/primitive from cce:/internal/x/cc as external dependency cce:/internal/x/cc-fu/primitive.
17:22:13 debug: Resolve cce:/internal/x/cc-fu/profiler from cce:/internal/x/cc as external dependency cce:/internal/x/cc-fu/profiler.
17:22:13 debug: Resolve cce:/internal/x/cc-fu/geometry-renderer from cce:/internal/x/cc as external dependency cce:/internal/x/cc-fu/geometry-renderer.
17:22:13 debug: Resolve cce:/internal/x/cc-fu/audio from cce:/internal/x/cc as external dependency cce:/internal/x/cc-fu/audio.
17:22:13 debug: Resolve cce:/internal/x/cc-fu/video from cce:/internal/x/cc as external dependency cce:/internal/x/cc-fu/video.
17:22:13 debug: Resolve cce:/internal/x/cc-fu/xr from cce:/internal/x/cc as external dependency cce:/internal/x/cc-fu/xr.
17:22:13 debug: Resolve cce:/internal/x/cc-fu/light-probe from cce:/internal/x/cc as external dependency cce:/internal/x/cc-fu/light-probe.
17:22:13 debug: Resolve cce:/internal/x/cc-fu/terrain from cce:/internal/x/cc as external dependency cce:/internal/x/cc-fu/terrain.
17:22:13 debug: Resolve cce:/internal/x/cc-fu/webview from cce:/internal/x/cc as external dependency cce:/internal/x/cc-fu/webview.
17:22:13 debug: Resolve cce:/internal/x/cc-fu/tween from cce:/internal/x/cc as external dependency cce:/internal/x/cc-fu/tween.
17:22:13 debug: Resolve cce:/internal/x/cc-fu/tiled-map from cce:/internal/x/cc as external dependency cce:/internal/x/cc-fu/tiled-map.
17:22:13 debug: Resolve cce:/internal/x/cc-fu/spine from cce:/internal/x/cc as external dependency cce:/internal/x/cc-fu/spine.
17:22:13 debug: Resolve cce:/internal/x/cc-fu/dragon-bones from cce:/internal/x/cc as external dependency cce:/internal/x/cc-fu/dragon-bones.
17:22:13 debug: Resolve cce:/internal/x/cc-fu/custom-pipeline from cce:/internal/x/cc as external dependency cce:/internal/x/cc-fu/custom-pipeline.
17:22:13 debug: Detected change: cce:/internal/x/prerequisite-imports. Last mtime: Thu Jan 01 1970 16:23:06 GMT+0800 (中国标准时间), Current mtime: Thu Jan 01 1970 08:00:05 GMT+0800 (中国标准时间)
17:22:13 debug: Inspect cce:/internal/x/prerequisite-imports
17:22:13 debug: Resolve file:///Applications/Cocos/Creator/3.8.2/CocosCreator.app/Contents/Resources/resources/3d/engine/editor/assets/tools/debug-view-runtime-control.ts from cce:/internal/x/prerequisite-imports as file:///Applications/Cocos/Creator/3.8.2/CocosCreator.app/Contents/Resources/resources/3d/engine/editor/assets/tools/debug-view-runtime-control.ts.
17:22:13 debug: Resolve cc from file:///Applications/Cocos/Creator/3.8.2/CocosCreator.app/Contents/Resources/resources/3d/engine/editor/assets/tools/debug-view-runtime-control.ts as cce:/internal/x/cc.
17:22:13 debug: Resolve cc from file:///Applications/Cocos/Creator/3.8.2/CocosCreator.app/Contents/Resources/resources/3d/engine/editor/assets/tools/debug-view-runtime-control.ts as cce:/internal/x/cc.
17:22:13 debug: Resolve cc from file:///Applications/Cocos/Creator/3.8.2/CocosCreator.app/Contents/Resources/resources/3d/engine/editor/assets/tools/debug-view-runtime-control.ts as cce:/internal/x/cc.
17:22:13 debug: Resolve file:///Users/mac/Desktop/222/testProject/assets/scripts/Main.ts from cce:/internal/x/prerequisite-imports as file:///Users/mac/Desktop/222/testProject/assets/scripts/Main.ts.
17:22:13 debug: Inspect file:///Users/mac/Desktop/222/testProject/assets/scripts/Main.ts
17:22:13 debug: Resolve cc from file:///Users/mac/Desktop/222/testProject/assets/scripts/Main.ts as cce:/internal/x/cc.
17:22:13 debug: Resolve cc from file:///Users/mac/Desktop/222/testProject/assets/scripts/Main.ts as cce:/internal/x/cc.
17:22:13 debug: Resolve cc from file:///Users/mac/Desktop/222/testProject/assets/scripts/Main.ts as cce:/internal/x/cc.
17:22:13 debug: Resolve file:///Users/mac/Desktop/222/testProject/assets/scripts/UIButton.ts from cce:/internal/x/prerequisite-imports as file:///Users/mac/Desktop/222/testProject/assets/scripts/UIButton.ts.
17:22:13 debug: Inspect file:///Users/mac/Desktop/222/testProject/assets/scripts/UIButton.ts
17:22:13 debug: Resolve cc from file:///Users/mac/Desktop/222/testProject/assets/scripts/UIButton.ts as cce:/internal/x/cc.
17:22:13 debug: Resolve cc from file:///Users/mac/Desktop/222/testProject/assets/scripts/UIButton.ts as cce:/internal/x/cc.
17:22:13 debug: Resolve cc from file:///Users/mac/Desktop/222/testProject/assets/scripts/UIButton.ts as cce:/internal/x/cc.
17:22:13 debug: Target(editor) ends with cost 183.67458295822144ms.
17:22:13 debug: Target(preview) build started.
17:22:13 debug: Detected change: cce:/internal/x/cc. Last mtime: Thu Jan 01 1970 08:00:05 GMT+0800 (中国标准时间), Current mtime: Thu Jan 01 1970 08:00:05 GMT+0800 (中国标准时间)
17:22:13 debug: Inspect cce:/internal/x/cc
17:22:13 debug: Resolve cce:/internal/x/cc-fu/2d from cce:/internal/x/cc as external dependency cce:/internal/x/cc-fu/2d.
17:22:13 debug: Resolve cce:/internal/x/cc-fu/sorting from cce:/internal/x/cc as external dependency cce:/internal/x/cc-fu/sorting.
17:22:13 debug: Resolve cce:/internal/x/cc-fu/animation from cce:/internal/x/cc as external dependency cce:/internal/x/cc-fu/animation.
17:22:13 debug: Resolve cce:/internal/x/cc-fu/audio from cce:/internal/x/cc as external dependency cce:/internal/x/cc-fu/audio.
17:22:13 debug: Resolve cce:/internal/x/cc-fu/base from cce:/internal/x/cc as external dependency cce:/internal/x/cc-fu/base.
17:22:13 debug: Resolve cce:/internal/x/cc-fu/dragon-bones from cce:/internal/x/cc as external dependency cce:/internal/x/cc-fu/dragon-bones.
17:22:13 debug: Resolve cce:/internal/x/cc-fu/gfx-webgl from cce:/internal/x/cc as external dependency cce:/internal/x/cc-fu/gfx-webgl.
17:22:13 debug: Resolve cce:/internal/x/cc-fu/gfx-webgl2 from cce:/internal/x/cc as external dependency cce:/internal/x/cc-fu/gfx-webgl2.
17:22:13 debug: Resolve cce:/internal/x/cc-fu/intersection-2d from cce:/internal/x/cc as external dependency cce:/internal/x/cc-fu/intersection-2d.
17:22:13 debug: Resolve cce:/internal/x/cc-fu/particle-2d from cce:/internal/x/cc as external dependency cce:/internal/x/cc-fu/particle-2d.
17:22:13 debug: Resolve cce:/internal/x/cc-fu/physics-2d-box2d from cce:/internal/x/cc as external dependency cce:/internal/x/cc-fu/physics-2d-box2d.
17:22:13 debug: Resolve cce:/internal/x/cc-fu/physics-2d-framework from cce:/internal/x/cc as external dependency cce:/internal/x/cc-fu/physics-2d-framework.
17:22:13 debug: Resolve cce:/internal/x/cc-fu/profiler from cce:/internal/x/cc as external dependency cce:/internal/x/cc-fu/profiler.
17:22:13 debug: Resolve cce:/internal/x/cc-fu/spine from cce:/internal/x/cc as external dependency cce:/internal/x/cc-fu/spine.
17:22:13 debug: Resolve cce:/internal/x/cc-fu/tiled-map from cce:/internal/x/cc as external dependency cce:/internal/x/cc-fu/tiled-map.
17:22:13 debug: Resolve cce:/internal/x/cc-fu/tween from cce:/internal/x/cc as external dependency cce:/internal/x/cc-fu/tween.
17:22:13 debug: Resolve cce:/internal/x/cc-fu/ui from cce:/internal/x/cc as external dependency cce:/internal/x/cc-fu/ui.
17:22:13 debug: Resolve cce:/internal/x/cc-fu/video from cce:/internal/x/cc as external dependency cce:/internal/x/cc-fu/video.
17:22:13 debug: Resolve cce:/internal/x/cc-fu/webview from cce:/internal/x/cc as external dependency cce:/internal/x/cc-fu/webview.
17:22:13 debug: Detected change: cce:/internal/x/prerequisite-imports. Last mtime: Thu Jan 01 1970 16:23:06 GMT+0800 (中国标准时间), Current mtime: Thu Jan 01 1970 08:00:05 GMT+0800 (中国标准时间)
17:22:13 debug: Inspect cce:/internal/x/prerequisite-imports
17:22:13 debug: Resolve file:///Applications/Cocos/Creator/3.8.2/CocosCreator.app/Contents/Resources/resources/3d/engine/editor/assets/tools/debug-view-runtime-control.ts from cce:/internal/x/prerequisite-imports as file:///Applications/Cocos/Creator/3.8.2/CocosCreator.app/Contents/Resources/resources/3d/engine/editor/assets/tools/debug-view-runtime-control.ts.
17:22:13 debug: Resolve cc from file:///Applications/Cocos/Creator/3.8.2/CocosCreator.app/Contents/Resources/resources/3d/engine/editor/assets/tools/debug-view-runtime-control.ts as cce:/internal/x/cc.
17:22:13 debug: Resolve cc from file:///Applications/Cocos/Creator/3.8.2/CocosCreator.app/Contents/Resources/resources/3d/engine/editor/assets/tools/debug-view-runtime-control.ts as cce:/internal/x/cc.
17:22:13 debug: Resolve cc from file:///Applications/Cocos/Creator/3.8.2/CocosCreator.app/Contents/Resources/resources/3d/engine/editor/assets/tools/debug-view-runtime-control.ts as cce:/internal/x/cc.
17:22:13 debug: Resolve file:///Users/mac/Desktop/222/testProject/assets/scripts/Main.ts from cce:/internal/x/prerequisite-imports as file:///Users/mac/Desktop/222/testProject/assets/scripts/Main.ts.
17:22:13 debug: Inspect file:///Users/mac/Desktop/222/testProject/assets/scripts/Main.ts
17:22:13 debug: Resolve cc from file:///Users/mac/Desktop/222/testProject/assets/scripts/Main.ts as cce:/internal/x/cc.
17:22:13 debug: Resolve cc from file:///Users/mac/Desktop/222/testProject/assets/scripts/Main.ts as cce:/internal/x/cc.
17:22:13 debug: Resolve cc from file:///Users/mac/Desktop/222/testProject/assets/scripts/Main.ts as cce:/internal/x/cc.
17:22:13 debug: Resolve file:///Users/mac/Desktop/222/testProject/assets/scripts/UIButton.ts from cce:/internal/x/prerequisite-imports as file:///Users/mac/Desktop/222/testProject/assets/scripts/UIButton.ts.
17:22:13 debug: Inspect file:///Users/mac/Desktop/222/testProject/assets/scripts/UIButton.ts
17:22:13 debug: Resolve cc from file:///Users/mac/Desktop/222/testProject/assets/scripts/UIButton.ts as cce:/internal/x/cc.
17:22:13 debug: Resolve cc from file:///Users/mac/Desktop/222/testProject/assets/scripts/UIButton.ts as cce:/internal/x/cc.
17:22:13 debug: Resolve cc from file:///Users/mac/Desktop/222/testProject/assets/scripts/UIButton.ts as cce:/internal/x/cc.
17:22:13 debug: Target(preview) ends with cost 164.1192922592163ms.
17:22:13 debug: Pulling asset-db.
17:22:13 debug: Fetch asset-db cost: 347.4337921142578ms.
17:22:13 debug: Build iteration starts.
Number of accumulated asset changes: 3
Feature changed: false
17:22:13 debug: Target(editor) build started.
17:22:13 debug: Detected change: cce:/internal/x/prerequisite-imports. Last mtime: Thu Jan 01 1970 08:00:05 GMT+0800 (中国标准时间), Current mtime: Thu Jan 01 1970 08:00:06 GMT+0800 (中国标准时间)
17:22:13 debug: Inspect cce:/internal/x/prerequisite-imports
17:22:13 debug: Resolve file:///Applications/Cocos/Creator/3.8.2/CocosCreator.app/Contents/Resources/resources/3d/engine/editor/assets/tools/debug-view-runtime-control.ts from cce:/internal/x/prerequisite-imports as file:///Applications/Cocos/Creator/3.8.2/CocosCreator.app/Contents/Resources/resources/3d/engine/editor/assets/tools/debug-view-runtime-control.ts.
17:22:13 debug: Resolve file:///Users/mac/Desktop/222/testProject/assets/scripts/Main.ts from cce:/internal/x/prerequisite-imports as file:///Users/mac/Desktop/222/testProject/assets/scripts/Main.ts.
17:22:13 debug: Resolve file:///Users/mac/Desktop/222/testProject/assets/scripts/UIButton.ts from cce:/internal/x/prerequisite-imports as file:///Users/mac/Desktop/222/testProject/assets/scripts/UIButton.ts.
17:22:13 debug: Target(editor) ends with cost 13.408249855041504ms.
17:22:13 debug: Target(preview) build started.
17:22:13 debug: Detected change: cce:/internal/x/prerequisite-imports. Last mtime: Thu Jan 01 1970 08:00:05 GMT+0800 (中国标准时间), Current mtime: Thu Jan 01 1970 08:00:06 GMT+0800 (中国标准时间)
17:22:13 debug: Inspect cce:/internal/x/prerequisite-imports
17:22:14 debug: Resolve file:///Applications/Cocos/Creator/3.8.2/CocosCreator.app/Contents/Resources/resources/3d/engine/editor/assets/tools/debug-view-runtime-control.ts from cce:/internal/x/prerequisite-imports as file:///Applications/Cocos/Creator/3.8.2/CocosCreator.app/Contents/Resources/resources/3d/engine/editor/assets/tools/debug-view-runtime-control.ts.
17:22:14 debug: Resolve file:///Users/mac/Desktop/222/testProject/assets/scripts/Main.ts from cce:/internal/x/prerequisite-imports as file:///Users/mac/Desktop/222/testProject/assets/scripts/Main.ts.
17:22:14 debug: Resolve file:///Users/mac/Desktop/222/testProject/assets/scripts/UIButton.ts from cce:/internal/x/prerequisite-imports as file:///Users/mac/Desktop/222/testProject/assets/scripts/UIButton.ts.
17:22:14 debug: Target(preview) ends with cost 13.28000020980835ms.
